<?xml version="1.0" encoding="UTF-8"?>
<!-- Generated by org.testng.reporters.JUnitReportReporter -->
<testsuite skipped="0" hostname="DESKTOP-8REHEA8" name="com.qa.barcode.BarCodeCapture" tests="1" failures="0" timestamp="17 Oct 2018 13:26:00 GMT" time="11.967" errors="0">
  <testcase name="Test1" time="11.967" classname="com.qa.barcode.BarCodeCapture"/>
</testsuite> <!-- com.qa.barcode.BarCodeCapture -->
